TN:
SF:src\services\slices\constructorSlice.ts
FN:19,reducer
FN:26,prepare
FN:34,removeIngredient
FN:40,moveUp
FN:50,moveDown
FN:60,clearConstructor
FN:66,getConstructorIngredients
FN:67,getConstructorBun
FNF:8
FNH:6
FNDA:1,reducer
FNDA:1,prepare
FNDA:1,removeIngredient
FNDA:1,moveUp
FNDA:1,moveDown
FNDA:1,clearConstructor
FNDA:0,getConstructorIngredients
FNDA:0,getConstructorBun
DA:1,1
DA:2,1
DA:3,1
DA:4,1
DA:5,1
DA:6,1
DA:7,1
DA:8,1
DA:9,1
DA:10,1
DA:11,1
DA:12,1
DA:13,1
DA:14,1
DA:15,1
DA:16,1
DA:17,1
DA:18,1
DA:19,1
DA:20,1
DA:21,1
DA:22,1
DA:23,0
DA:24,0
DA:25,1
DA:26,1
DA:27,1
DA:28,1
DA:29,1
DA:30,1
DA:31,1
DA:32,1
DA:33,1
DA:34,1
DA:35,1
DA:36,1
DA:37,1
DA:38,1
DA:39,1
DA:40,1
DA:41,1
DA:42,1
DA:43,1
DA:44,1
DA:45,1
DA:46,1
DA:47,1
DA:48,1
DA:49,1
DA:50,1
DA:51,1
DA:52,1
DA:53,1
DA:54,1
DA:55,1
DA:56,1
DA:57,1
DA:58,1
DA:59,1
DA:60,1
DA:61,1
DA:62,1
DA:63,1
DA:64,1
DA:65,1
DA:66,1
DA:67,1
DA:68,1
DA:69,1
DA:70,1
DA:71,1
DA:72,1
DA:73,1
DA:74,1
DA:75,1
DA:76,1
DA:77,1
DA:78,1
DA:79,1
DA:80,1
DA:81,1
DA:82,1
LF:82
LH:80
BRDA:19,0,0,1
BRDA:22,1,0,0
BRDA:26,2,0,1
BRDA:34,3,0,1
BRDA:36,4,0,1
BRDA:40,5,0,1
BRDA:50,6,0,1
BRDA:60,7,0,1
BRF:8
BRH:7
end_of_record
